<?xml version="1.0" encoding="UTF-8"?>
<!-- Generated by org.testng.reporters.JUnitReportReporter -->
<testsuite skipped="0" hostname="DESKTOP-PKMKVGQ" name="testcases.TC_001" tests="1" failures="0" timestamp="19 Jan 2018 07:30:14 GMT" time="30.345" errors="0">
  <testcase name="login" time="30.345" classname="testcases.TC_001"/>
</testsuite> <!-- testcases.TC_001 -->
